This file contains any messages produced by compilers while
running configure, to aid debugging if configure makes a mistake.

It was created by gpicolan configure 1.0, which was
generated by GNU Autoconf 2.69.  Invocation command line was

  $ ./configure PKG_CONFIG_PATH=/mingw64/lib/pkgconfig:/mingw64/share/pkgconfig --no-create --no-recursion

## --------- ##
## Platform. ##
## --------- ##

hostname = FlamTestStation
uname -m = x86_64
uname -r = 3.0.7-338.x86_64
uname -s = MINGW64_NT-6.1-7601
uname -v = 2019-05-27 06:58 UTC

/usr/bin/uname -p = unknown
/bin/uname -X     = unknown

/bin/arch              = x86_64
/usr/bin/arch -k       = unknown
/usr/convex/getsysinfo = unknown
/usr/bin/hostinfo      = unknown
/bin/machine           = unknown
/usr/bin/oslevel       = unknown
/bin/universe          = unknown

PATH: /c/Python27
PATH: /c/Python27/Scripts
PATH: /c/Program Files/nodejs
PATH: /c/users/flamingo/appdata/roaming/npm
PATH: /c/Program Files (x86)/Microsoft Visual Studio/Shared/14.0/VC/bin
PATH: /c/Program Files (x86)/Microsoft Visual Studio/Shared/14.0/VC/
PATH: /mingw64/bin
PATH: /usr/local/bin
PATH: /usr/bin
PATH: /bin
PATH: /c/Windows/System32
PATH: /c/Windows
PATH: /c/Windows/System32/Wbem
PATH: /c/Windows/System32/WindowsPowerShell/v1.0/
PATH: /usr/bin/site_perl
PATH: /usr/bin/vendor_perl
PATH: /usr/bin/core_perl


## ----------- ##
## Core tests. ##
## ----------- ##

configure:2148: loading site script /mingw64/etc/config.site
| # This file is in public domain.
| # Original author: Karlson2k (Evgeny Grin)
| # Written for MSys2/MinGW64 to help running 'configure' scripts
| 
| # Defaults for MinGW64-targeted programs
| 
| # Set proper selfname on bash and fallback to default name on other shells
| test -n "${BASH_SOURCE}" 2>/dev/null && config_site_me="${BASH_SOURCE[0]##*/}" || config_site_me=config.site
| 
| # Set default 'host' to speedup configure
| if test -z "$build_alias"; then
|   build_alias="${MSYSTEM_CHOST-x86_64-w64-mingw32}" && \
|     ${as_echo-echo} "$config_site_me:${as_lineno-$LINENO}: default build_alias set to $build_alias" >&5
| fi
| 
| # Set default 'prefix' to "/mingw64"
| if ( test -z "$prefix" || test "x$prefix" = "xNONE" ) && \
|    ( test -z "$exec_prefix" || test "x$exec_prefix" = "xNONE" ); then
|   prefix="${MSYSTEM_PREFIX-/mingw64}" && \
|     ${as_echo-echo} "$config_site_me:${as_lineno-$LINENO}: default prefix set to $prefix" >&5
| fi
config.site:13: default build_alias set to x86_64-w64-mingw32
config.site:20: default prefix set to /mingw64
configure:2290: checking for a BSD-compatible install
configure:2358: result: /usr/bin/install -c
configure:2369: checking whether build environment is sane
configure:2424: result: yes
configure:2575: checking for a thread-safe mkdir -p
configure:2614: result: /usr/bin/mkdir -p
configure:2621: checking for gawk
configure:2637: found /usr/bin/gawk
configure:2648: result: gawk
configure:2659: checking whether make sets $(MAKE)
configure:2681: result: yes
configure:2710: checking whether make supports nested variables
configure:2727: result: yes
configure:2863: checking for valac
configure:2881: found /mingw64/bin/valac
configure:2894: result: /mingw64/bin/valac
configure:2936: checking whether make supports the include directive
configure:2951: make -f confmf.GNU && cat confinc.out
make[1]: Entering directory '/home/Flamingo/picolan_vala'
make[1]: Leaving directory '/home/Flamingo/picolan_vala'
this is the am__doit target
configure:2954: $? = 0
configure:2973: result: yes (GNU style)
configure:3043: checking for gcc
configure:3059: found /mingw64/bin/gcc
configure:3070: result: gcc
configure:3299: checking for C compiler version
configure:3308: gcc --version >&5
gcc.exe (Rev2, Built by MSYS2 project) 8.3.0
Copyright (C) 2018 Free Software Foundation, Inc.
This is free software; see the source for copying conditions.  There is NO
warranty; not even for MERCHANTABILITY or FITNESS FOR A PARTICULAR PURPOSE.

configure:3319: $? = 0
configure:3308: gcc -v >&5
Using built-in specs.
COLLECT_GCC=C:\msys64\mingw64\bin\gcc.exe
COLLECT_LTO_WRAPPER=C:/msys64/mingw64/bin/../lib/gcc/x86_64-w64-mingw32/8.3.0/lto-wrapper.exe
Target: x86_64-w64-mingw32
Configured with: ../gcc-8.3.0/configure --prefix=/mingw64 --with-local-prefix=/mingw64/local --build=x86_64-w64-mingw32 --host=x86_64-w64-mingw32 --target=x86_64-w64-mingw32 --with-native-system-header-dir=/mingw64/x86_64-w64-mingw32/include --libexecdir=/mingw64/lib --enable-bootstrap --with-arch=x86-64 --with-tune=generic --enable-languages=ada,c,lto,c++,objc,obj-c++,fortran --enable-shared --enable-static --enable-libatomic --enable-threads=posix --enable-graphite --enable-fully-dynamic-string --enable-libstdcxx-filesystem-ts=yes --enable-libstdcxx-time=yes --disable-libstdcxx-pch --disable-libstdcxx-debug --disable-isl-version-check --enable-lto --enable-libgomp --disable-multilib --enable-checking=release --disable-rpath --disable-win32-registry --disable-nls --disable-werror --disable-symvers --with-libiconv --with-system-zlib --with-gmp=/mingw64 --with-mpfr=/mingw64 --with-mpc=/mingw64 --with-isl=/mingw64 --with-pkgversion='Rev2, Built by MSYS2 project' --with-bugurl=https://sourceforge.net/projects/msys2 --with-gnu-as --with-gnu-ld
Thread model: posix
gcc version 8.3.0 (Rev2, Built by MSYS2 project) 
configure:3319: $? = 0
configure:3308: gcc -V >&5
gcc.exe: error: unrecognized command line option '-V'
gcc.exe: fatal error: no input files
compilation terminated.
configure:3319: $? = 1
configure:3308: gcc -qversion >&5
gcc.exe: error: unrecognized command line option '-qversion'; did you mean '--version'?
gcc.exe: fatal error: no input files
compilation terminated.
configure:3319: $? = 1
configure:3339: checking whether the C compiler works
configure:3361: gcc    conftest.c  >&5
configure:3365: $? = 0
configure:3413: result: yes
configure:3416: checking for C compiler default output file name
configure:3418: result: a.exe
configure:3424: checking for suffix of executables
configure:3431: gcc -o conftest.exe    conftest.c  >&5
configure:3435: $? = 0
configure:3457: result: .exe
configure:3479: checking whether we are cross compiling
configure:3487: gcc -o conftest.exe    conftest.c  >&5
configure:3491: $? = 0
configure:3498: ./conftest.exe
configure:3502: $? = 0
configure:3517: result: no
configure:3522: checking for suffix of object files
configure:3544: gcc -c   conftest.c >&5
configure:3548: $? = 0
configure:3569: result: o
configure:3573: checking whether we are using the GNU C compiler
configure:3592: gcc -c   conftest.c >&5
configure:3592: $? = 0
configure:3601: result: yes
configure:3610: checking whether gcc accepts -g
configure:3630: gcc -c -g  conftest.c >&5
configure:3630: $? = 0
configure:3671: result: yes
configure:3688: checking for gcc option to accept ISO C89
configure:3751: gcc  -c -g -O2  conftest.c >&5
configure:3751: $? = 0
configure:3764: result: none needed
configure:3789: checking whether gcc understands -c and -o together
configure:3811: gcc -c conftest.c -o conftest2.o
configure:3814: $? = 0
configure:3811: gcc -c conftest.c -o conftest2.o
configure:3814: $? = 0
configure:3826: result: yes
configure:3845: checking dependency style of gcc
configure:3956: result: gcc3
configure:3977: checking build system type
configure:3991: result: x86_64-w64-mingw32
configure:4011: checking host system type
configure:4024: result: x86_64-w64-mingw32
configure:4091: checking for as
configure:4107: found /mingw64/bin/as
configure:4118: result: as
configure:4183: checking for dlltool
configure:4199: found /mingw64/bin/dlltool
configure:4210: result: dlltool
configure:4275: checking for objdump
configure:4291: found /mingw64/bin/objdump
configure:4302: result: objdump
configure:4393: checking how to print strings
configure:4420: result: printf
configure:4441: checking for a sed that does not truncate output
configure:4505: result: /usr/bin/sed
configure:4523: checking for grep that handles long lines and -e
configure:4581: result: /usr/bin/grep
configure:4586: checking for egrep
configure:4648: result: /usr/bin/grep -E
configure:4653: checking for fgrep
configure:4715: result: /usr/bin/grep -F
configure:4750: checking for ld used by gcc
configure:4817: result: C:/msys64/mingw64/x86_64-w64-mingw32/bin/ld.exe
configure:4824: checking if the linker (C:/msys64/mingw64/x86_64-w64-mingw32/bin/ld.exe) is GNU ld
configure:4839: result: yes
configure:4851: checking for BSD- or MS-compatible name lister (nm)
configure:4905: result: /mingw64/bin/nm -B
configure:5035: checking the name lister (/mingw64/bin/nm -B) interface
configure:5042: gcc -c -g -O2  conftest.c >&5
configure:5045: /mingw64/bin/nm -B "conftest.o"
configure:5048: output
0000000000000000 b .bss
0000000000000000 d .data
0000000000000000 N .debug_abbrev
0000000000000000 N .debug_aranges
0000000000000000 N .debug_info
0000000000000000 N .debug_line
0000000000000000 r .rdata$zzz
0000000000000000 t .text
0000000000000000 B some_variable
configure:5055: result: BSD nm
configure:5058: checking whether ln -s works
configure:5065: result: no, using cp -pR
configure:5070: checking the maximum length of command line arguments
configure:5201: result: 8192
configure:5249: checking how to convert x86_64-w64-mingw32 file names to x86_64-w64-mingw32 format
configure:5289: result: func_convert_file_msys_to_w32
configure:5296: checking how to convert x86_64-w64-mingw32 file names to toolchain format
configure:5316: result: func_convert_file_msys_to_w32
configure:5323: checking for C:/msys64/mingw64/x86_64-w64-mingw32/bin/ld.exe option to reload object files
configure:5330: result: -r
configure:5404: checking for objdump
configure:5431: result: objdump
configure:5460: checking how to recognize dependent libraries
configure:5660: result: file_magic ^x86 archive import|^x86 DLL
configure:5745: checking for dlltool
configure:5772: result: dlltool
configure:5802: checking how to associate runtime and link libraries
configure:5829: result: func_cygming_dll_for_implib
configure:5890: checking for ar
configure:5906: found /mingw64/bin/ar
configure:5917: result: ar
configure:5954: checking for archiver @FILE support
configure:5971: gcc -c -g -O2  conftest.c >&5
configure:5971: $? = 0
configure:5974: ar cru libconftest.a @conftest.lst >&5
configure:5977: $? = 0
configure:5982: ar cru libconftest.a @conftest.lst >&5
C:\msys64\mingw64\bin\ar.exe: conftest.o: No such file or directory
configure:5985: $? = 1
configure:5997: result: @
configure:6055: checking for strip
configure:6071: found /mingw64/bin/strip
configure:6082: result: strip
configure:6154: checking for ranlib
configure:6170: found /mingw64/bin/ranlib
configure:6181: result: ranlib
configure:6283: checking command to parse /mingw64/bin/nm -B output from gcc object
configure:6436: gcc -c -g -O2  conftest.c >&5
configure:6439: $? = 0
configure:6443: /mingw64/bin/nm -B conftest.o \| sed -n -e 's/^.*[ ]\([ABCDGIRSTW][ABCDGIRSTW]*\)[ ][ ]*\([_A-Za-z][_A-Za-z0-9]*\)\{0,1\}$/\1 \2 \2/p' | sed '/ __gnu_lto/d' \> conftest.nm
configure:6446: $? = 0
configure:6512: gcc -o conftest.exe -g -O2   conftest.c conftstm.o >&5
configure:6515: $? = 0
configure:6553: result: ok
configure:6600: checking for sysroot
configure:6630: result: no
configure:6637: checking for a working dd
configure:6675: result: /usr/bin/dd
configure:6679: checking how to truncate binary pipes
configure:6694: result: /usr/bin/dd bs=4096 count=1
configure:7023: checking for mt
configure:7053: result: no
configure:7073: checking if : is a manifest tool
configure:7079: : '-?'
configure:7087: result: no
configure:7764: checking how to run the C preprocessor
configure:7795: gcc -E  conftest.c
configure:7795: $? = 0
configure:7809: gcc -E  conftest.c
conftest.c:11:10: fatal error: ac_nonexistent.h: No such file or directory
 #include <ac_nonexistent.h>
          ^~~~~~~~~~~~~~~~~~
compilation terminated.
configure:7809: $? = 1
configure: failed program was:
| /* confdefs.h */
| #define PACKAGE_NAME "gpicolan"
| #define PACKAGE_TARNAME "gpicolan"
| #define PACKAGE_VERSION "1.0"
| #define PACKAGE_STRING "gpicolan 1.0"
| #define PACKAGE_BUGREPORT ""
| #define PACKAGE_URL ""
| #define PACKAGE "gpicolan"
| #define VERSION "1.0"
| /* end confdefs.h.  */
| #include <ac_nonexistent.h>
configure:7834: result: gcc -E
configure:7854: gcc -E  conftest.c
configure:7854: $? = 0
configure:7868: gcc -E  conftest.c
conftest.c:11:10: fatal error: ac_nonexistent.h: No such file or directory
 #include <ac_nonexistent.h>
          ^~~~~~~~~~~~~~~~~~
compilation terminated.
configure:7868: $? = 1
configure: failed program was:
| /* confdefs.h */
| #define PACKAGE_NAME "gpicolan"
| #define PACKAGE_TARNAME "gpicolan"
| #define PACKAGE_VERSION "1.0"
| #define PACKAGE_STRING "gpicolan 1.0"
| #define PACKAGE_BUGREPORT ""
| #define PACKAGE_URL ""
| #define PACKAGE "gpicolan"
| #define VERSION "1.0"
| /* end confdefs.h.  */
| #include <ac_nonexistent.h>
configure:7897: checking for ANSI C header files
configure:7917: gcc -c -g -O2  conftest.c >&5
configure:7917: $? = 0
configure:7990: gcc -o conftest.exe -g -O2   conftest.c  >&5
configure:7990: $? = 0
configure:7990: ./conftest.exe
configure:7990: $? = 0
configure:8001: result: yes
configure:8014: checking for sys/types.h
configure:8014: gcc -c -g -O2  conftest.c >&5
configure:8014: $? = 0
configure:8014: result: yes
configure:8014: checking for sys/stat.h
configure:8014: gcc -c -g -O2  conftest.c >&5
configure:8014: $? = 0
configure:8014: result: yes
configure:8014: checking for stdlib.h
configure:8014: gcc -c -g -O2  conftest.c >&5
configure:8014: $? = 0
configure:8014: result: yes
configure:8014: checking for string.h
configure:8014: gcc -c -g -O2  conftest.c >&5
configure:8014: $? = 0
configure:8014: result: yes
configure:8014: checking for memory.h
configure:8014: gcc -c -g -O2  conftest.c >&5
configure:8014: $? = 0
configure:8014: result: yes
configure:8014: checking for strings.h
configure:8014: gcc -c -g -O2  conftest.c >&5
configure:8014: $? = 0
configure:8014: result: yes
configure:8014: checking for inttypes.h
configure:8014: gcc -c -g -O2  conftest.c >&5
configure:8014: $? = 0
configure:8014: result: yes
configure:8014: checking for stdint.h
configure:8014: gcc -c -g -O2  conftest.c >&5
configure:8014: $? = 0
configure:8014: result: yes
configure:8014: checking for unistd.h
configure:8014: gcc -c -g -O2  conftest.c >&5
configure:8014: $? = 0
configure:8014: result: yes
configure:8028: checking for dlfcn.h
configure:8028: gcc -c -g -O2  conftest.c >&5
conftest.c:55:10: fatal error: dlfcn.h: No such file or directory
 #include <dlfcn.h>
          ^~~~~~~~~
compilation terminated.
configure:8028: $? = 1
configure: failed program was:
| /* confdefs.h */
| #define PACKAGE_NAME "gpicolan"
| #define PACKAGE_TARNAME "gpicolan"
| #define PACKAGE_VERSION "1.0"
| #define PACKAGE_STRING "gpicolan 1.0"
| #define PACKAGE_BUGREPORT ""
| #define PACKAGE_URL ""
| #define PACKAGE "gpicolan"
| #define VERSION "1.0"
| #define STDC_HEADERS 1
| #define HAVE_SYS_TYPES_H 1
| #define HAVE_SYS_STAT_H 1
| #define HAVE_STDLIB_H 1
| #define HAVE_STRING_H 1
| #define HAVE_MEMORY_H 1
| #define HAVE_STRINGS_H 1
| #define HAVE_INTTYPES_H 1
| #define HAVE_STDINT_H 1
| #define HAVE_UNISTD_H 1
| /* end confdefs.h.  */
| #include <stdio.h>
| #ifdef HAVE_SYS_TYPES_H
| # include <sys/types.h>
| #endif
| #ifdef HAVE_SYS_STAT_H
| # include <sys/stat.h>
| #endif
| #ifdef STDC_HEADERS
| # include <stdlib.h>
| # include <stddef.h>
| #else
| # ifdef HAVE_STDLIB_H
| #  include <stdlib.h>
| # endif
| #endif
| #ifdef HAVE_STRING_H
| # if !defined STDC_HEADERS && defined HAVE_MEMORY_H
| #  include <memory.h>
| # endif
| # include <string.h>
| #endif
| #ifdef HAVE_STRINGS_H
| # include <strings.h>
| #endif
| #ifdef HAVE_INTTYPES_H
| # include <inttypes.h>
| #endif
| #ifdef HAVE_STDINT_H
| # include <stdint.h>
| #endif
| #ifdef HAVE_UNISTD_H
| # include <unistd.h>
| #endif
| 
| #include <dlfcn.h>
configure:8028: result: no
configure:8287: checking for objdir
configure:8302: result: .libs
configure:8566: checking if gcc supports -fno-rtti -fno-exceptions
configure:8584: gcc -c -g -O2  -fno-rtti -fno-exceptions conftest.c >&5
cc1.exe: warning: command line option '-fno-rtti' is valid for C++/ObjC++ but not for C
configure:8588: $? = 0
configure:8601: result: no
configure:8959: checking for gcc option to produce PIC
configure:8966: result: -DDLL_EXPORT -DPIC
configure:8974: checking if gcc PIC flag -DDLL_EXPORT -DPIC works
configure:8992: gcc -c -g -O2  -DDLL_EXPORT -DPIC -DPIC conftest.c >&5
configure:8996: $? = 0
configure:9009: result: yes
configure:9038: checking if gcc static flag -static works
configure:9066: result: yes
configure:9081: checking if gcc supports -c -o file.o
configure:9102: gcc -c -g -O2  -o out/conftest2.o conftest.c >&5
configure:9106: $? = 0
configure:9128: result: yes
configure:9136: checking if gcc supports -c -o file.o
configure:9183: result: yes
configure:9216: checking whether the gcc linker (C:/msys64/mingw64/x86_64-w64-mingw32/bin/ld.exe) supports shared libraries
configure:10476: result: yes
configure:10513: checking whether -lc should be explicitly linked in
configure:10521: gcc -c -g -O2  conftest.c >&5
configure:10524: $? = 0
configure:10539: gcc -shared conftest.o  -v -o ./conftest -Wl,--enable-auto-image-base -Xlinker --out-implib -Xlinker conftest 2\>\&1 \| /usr/bin/grep  -lc  \>/dev/null 2\>\&1
configure:10542: $? = 1
configure:10556: result: yes
configure:10716: checking dynamic linker characteristics
configure:11534: result: Win32 ld.exe
configure:11656: checking how to hardcode library paths into programs
configure:11681: result: immediate
configure:12229: checking whether stripping libraries is possible
configure:12234: result: yes
configure:12269: checking if libtool supports shared libraries
configure:12271: result: yes
configure:12274: checking whether to build shared libraries
configure:12299: result: yes
configure:12302: checking whether to build static libraries
configure:12306: result: yes
configure:12356: checking whether make supports nested variables
configure:12373: result: yes
configure:12440: checking for pkg-config
configure:12458: found /mingw64/bin/pkg-config
configure:12470: result: /mingw64/bin/pkg-config
configure:12495: checking pkg-config is at least version 0.9.0
configure:12498: result: yes
configure:12508: checking for glib-2.0 >= 2.16
configure:12515: $PKG_CONFIG --exists --print-errors "glib-2.0 >= 2.16"
configure:12518: $? = 0
configure:12532: $PKG_CONFIG --exists --print-errors "glib-2.0 >= 2.16"
configure:12535: $? = 0
configure:12593: result: yes
configure:12599: checking for gobject-2.0 >= 2.0
configure:12606: $PKG_CONFIG --exists --print-errors "gobject-2.0 >= 2.0"
configure:12609: $? = 0
configure:12623: $PKG_CONFIG --exists --print-errors "gobject-2.0 >= 2.0"
configure:12626: $? = 0
configure:12684: result: yes
configure:12690: checking for gserial-1.0 >= 1.0
configure:12697: $PKG_CONFIG --exists --print-errors "gserial-1.0 >= 1.0"
configure:12700: $? = 0
configure:12714: $PKG_CONFIG --exists --print-errors "gserial-1.0 >= 1.0"
configure:12717: $? = 0
configure:12775: result: yes
configure:12780: checking for Win32
configure:12790: result: yes
configure:12823: checking for gobject-introspection
configure:12854: $PKG_CONFIG --exists --print-errors "gobject-introspection-1.0 >= $GOBJECT_INTROSPECTION_REQS"
configure:12857: $? = 0
configure:12868: result: yes
configure:13029: checking for pkg-config
configure:13059: result: /mingw64/bin/pkg-config
configure:13084: checking pkg-config is at least version 0.9.0
configure:13087: result: yes
configure:13097: $PKG_CONFIG --exists --print-errors "$vapigen_pkg"
configure:13100: $? = 0
configure:13126: checking for vapigen
configure:13148: result: yes
configure:13223: checking whether gcc understands -Wall
configure:13236: gcc -c -g -O2 -Wall  conftest.c >&5
configure:13236: $? = 0
configure:13243: result: yes
configure:13223: checking whether gcc understands -Wstrict-prototypes
configure:13236: gcc -c -g -O2 -Wstrict-prototypes  conftest.c >&5
conftest.c:24:1: warning: function declaration isn't a prototype [-Wstrict-prototypes]
 main ()
 ^~~~
configure:13236: $? = 0
configure:13243: result: yes
configure:13223: checking whether gcc understands -Wnested-externs
configure:13236: gcc -c -g -O2 -Wnested-externs  conftest.c >&5
configure:13236: $? = 0
configure:13243: result: yes
configure:13223: checking whether gcc understands -Werror=missing-prototypes
configure:13236: gcc -c -g -O2 -Werror=missing-prototypes  conftest.c >&5
configure:13236: $? = 0
configure:13243: result: yes
configure:13223: checking whether gcc understands -Werror=implicit-function-declaration
configure:13236: gcc -c -g -O2 -Werror=implicit-function-declaration  conftest.c >&5
configure:13236: $? = 0
configure:13243: result: yes
configure:13223: checking whether gcc understands -Werror=pointer-arith
configure:13236: gcc -c -g -O2 -Werror=pointer-arith  conftest.c >&5
configure:13236: $? = 0
configure:13243: result: yes
configure:13223: checking whether gcc understands -Werror=init-self
configure:13236: gcc -c -g -O2 -Werror=init-self  conftest.c >&5
configure:13236: $? = 0
configure:13243: result: yes
configure:13223: checking whether gcc understands -Werror=format-security
configure:13236: gcc -c -g -O2 -Werror=format-security  conftest.c >&5
cc1.exe: error: -Wformat-security ignored without -Wformat [-Werror=format-security]
cc1.exe: some warnings being treated as errors
configure:13236: $? = 1
configure: failed program was:
| /* confdefs.h */
| #define PACKAGE_NAME "gpicolan"
| #define PACKAGE_TARNAME "gpicolan"
| #define PACKAGE_VERSION "1.0"
| #define PACKAGE_STRING "gpicolan 1.0"
| #define PACKAGE_BUGREPORT ""
| #define PACKAGE_URL ""
| #define PACKAGE "gpicolan"
| #define VERSION "1.0"
| #define STDC_HEADERS 1
| #define HAVE_SYS_TYPES_H 1
| #define HAVE_SYS_STAT_H 1
| #define HAVE_STDLIB_H 1
| #define HAVE_STRING_H 1
| #define HAVE_MEMORY_H 1
| #define HAVE_STRINGS_H 1
| #define HAVE_INTTYPES_H 1
| #define HAVE_STDINT_H 1
| #define HAVE_UNISTD_H 1
| #define LT_OBJDIR ".libs/"
| /* end confdefs.h.  */
| 
| int
| main ()
| {
| 
|   ;
|   return 0;
| }
configure:13243: result: no
configure:13223: checking whether gcc understands -Werror=format=2
configure:13236: gcc -c -g -O2 -Werror=format=2  conftest.c >&5
configure:13236: $? = 0
configure:13243: result: yes
configure:13223: checking whether gcc understands -Werror=missing-include-dirs
configure:13236: gcc -c -g -O2 -Werror=missing-include-dirs  conftest.c >&5
configure:13236: $? = 0
configure:13243: result: yes
configure:13223: checking whether gcc understands -Werror=return-type
configure:13236: gcc -c -g -O2 -Werror=return-type  conftest.c >&5
configure:13236: $? = 0
configure:13243: result: yes
configure:13253: checking what warning flags to pass to the C compiler
configure:13255: result:  -Wall -Wstrict-prototypes -Wnested-externs -Werror=missing-prototypes -Werror=implicit-function-declaration -Werror=pointer-arith -Werror=init-self -Werror=format=2 -Werror=missing-include-dirs -Werror=return-type
configure:13266: checking what language compliance flags to pass to the C compiler
configure:13281: result: 
configure:13399: checking that generated files are newer than configure
configure:13405: result: done
configure:13440: creating ./config.status

## ---------------- ##
## Cache variables. ##
## ---------------- ##

ac_cv_build=x86_64-w64-mingw32
ac_cv_c_compiler_gnu=yes
ac_cv_env_CC_set=
ac_cv_env_CC_value=
ac_cv_env_CFLAGS_set=
ac_cv_env_CFLAGS_value=
ac_cv_env_CPPFLAGS_set=
ac_cv_env_CPPFLAGS_value=
ac_cv_env_CPP_set=
ac_cv_env_CPP_value=
ac_cv_env_GLIB_CFLAGS_set=
ac_cv_env_GLIB_CFLAGS_value=
ac_cv_env_GLIB_LIBS_set=
ac_cv_env_GLIB_LIBS_value=
ac_cv_env_GOBJECT_CFLAGS_set=
ac_cv_env_GOBJECT_CFLAGS_value=
ac_cv_env_GOBJECT_LIBS_set=
ac_cv_env_GOBJECT_LIBS_value=
ac_cv_env_GSERIAL_CFLAGS_set=
ac_cv_env_GSERIAL_CFLAGS_value=
ac_cv_env_GSERIAL_LIBS_set=
ac_cv_env_GSERIAL_LIBS_value=
ac_cv_env_LDFLAGS_set=
ac_cv_env_LDFLAGS_value=
ac_cv_env_LIBS_set=
ac_cv_env_LIBS_value=
ac_cv_env_LT_SYS_LIBRARY_PATH_set=
ac_cv_env_LT_SYS_LIBRARY_PATH_value=
ac_cv_env_PKG_CONFIG_LIBDIR_set=
ac_cv_env_PKG_CONFIG_LIBDIR_value=
ac_cv_env_PKG_CONFIG_PATH_set=set
ac_cv_env_PKG_CONFIG_PATH_value=/mingw64/lib/pkgconfig:/mingw64/share/pkgconfig
ac_cv_env_PKG_CONFIG_set=
ac_cv_env_PKG_CONFIG_value=
ac_cv_env_build_alias_set=
ac_cv_env_build_alias_value=
ac_cv_env_host_alias_set=
ac_cv_env_host_alias_value=
ac_cv_env_target_alias_set=
ac_cv_env_target_alias_value=
ac_cv_exeext=.exe
ac_cv_header_dlfcn_h=no
ac_cv_header_inttypes_h=yes
ac_cv_header_memory_h=yes
ac_cv_header_stdc=yes
ac_cv_header_stdint_h=yes
ac_cv_header_stdlib_h=yes
ac_cv_header_string_h=yes
ac_cv_header_strings_h=yes
ac_cv_header_sys_stat_h=yes
ac_cv_header_sys_types_h=yes
ac_cv_header_unistd_h=yes
ac_cv_host=x86_64-w64-mingw32
ac_cv_objext=o
ac_cv_path_EGREP='/usr/bin/grep -E'
ac_cv_path_FGREP='/usr/bin/grep -F'
ac_cv_path_GREP=/usr/bin/grep
ac_cv_path_SED=/usr/bin/sed
ac_cv_path_VALAC=/mingw64/bin/valac
ac_cv_path_ac_pt_PKG_CONFIG=/mingw64/bin/pkg-config
ac_cv_path_install='/usr/bin/install -c'
ac_cv_path_lt_DD=/usr/bin/dd
ac_cv_path_mkdir=/usr/bin/mkdir
ac_cv_prog_AWK=gawk
ac_cv_prog_CPP='gcc -E'
ac_cv_prog_ac_ct_AR=ar
ac_cv_prog_ac_ct_AS=as
ac_cv_prog_ac_ct_CC=gcc
ac_cv_prog_ac_ct_DLLTOOL=dlltool
ac_cv_prog_ac_ct_OBJDUMP=objdump
ac_cv_prog_ac_ct_RANLIB=ranlib
ac_cv_prog_ac_ct_STRIP=strip
ac_cv_prog_cc_c89=
ac_cv_prog_cc_g=yes
ac_cv_prog_make_make_set=yes
am_cv_CC_dependencies_compiler_type=gcc3
am_cv_make_support_nested_variables=yes
am_cv_prog_cc_c_o=yes
lt_cv_ar_at_file=@
lt_cv_archive_cmds_need_lc=yes
lt_cv_deplibs_check_method='file_magic ^x86 archive import|^x86 DLL'
lt_cv_file_magic_cmd=func_win32_libid
lt_cv_file_magic_test_file=
lt_cv_ld_reload_flag=-r
lt_cv_nm_interface='BSD nm'
lt_cv_objdir=.libs
lt_cv_path_LD=C:/msys64/mingw64/x86_64-w64-mingw32/bin/ld.exe
lt_cv_path_NM='/mingw64/bin/nm -B'
lt_cv_path_mainfest_tool=no
lt_cv_prog_compiler_c_o=yes
lt_cv_prog_compiler_pic='-DDLL_EXPORT -DPIC'
lt_cv_prog_compiler_pic_works=yes
lt_cv_prog_compiler_rtti_exceptions=no
lt_cv_prog_compiler_static_works=yes
lt_cv_prog_gnu_ld=yes
lt_cv_sharedlib_from_linklib_cmd=func_cygming_dll_for_implib
lt_cv_sys_global_symbol_pipe='sed -n -e '\''s/^.*[	 ]\([ABCDGIRSTW][ABCDGIRSTW]*\)[	 ][	 ]*\([_A-Za-z][_A-Za-z0-9]*\)\{0,1\}$/\1 \2 \2/p'\'' | sed '\''/ __gnu_lto/d'\'''
lt_cv_sys_global_symbol_to_c_name_address='sed -n -e '\''s/^: \(.*\) .*$/  {"\1", (void *) 0},/p'\'' -e '\''s/^[ABCDGIRSTW][ABCDGIRSTW]* .* \(.*\)$/  {"\1", (void *) \&\1},/p'\'''
lt_cv_sys_global_symbol_to_c_name_address_lib_prefix='sed -n -e '\''s/^: \(.*\) .*$/  {"\1", (void *) 0},/p'\'' -e '\''s/^[ABCDGIRSTW][ABCDGIRSTW]* .* \(lib.*\)$/  {"\1", (void *) \&\1},/p'\'' -e '\''s/^[ABCDGIRSTW][ABCDGIRSTW]* .* \(.*\)$/  {"lib\1", (void *) \&\1},/p'\'''
lt_cv_sys_global_symbol_to_cdecl='sed -n -e '\''s/^T .* \(.*\)$/extern int \1();/p'\'' -e '\''s/^[ABCDGIRSTW][ABCDGIRSTW]* .* \(.*\)$/extern char \1;/p'\'''
lt_cv_sys_global_symbol_to_import=
lt_cv_sys_max_cmd_len=8192
lt_cv_to_host_file_cmd=func_convert_file_msys_to_w32
lt_cv_to_tool_file_cmd=func_convert_file_msys_to_w32
lt_cv_truncate_bin='/usr/bin/dd bs=4096 count=1'
pkg_cv_GLIB_CFLAGS='-mms-bitfields -IC:/msys64/mingw64/include/glib-2.0 -IC:/msys64/mingw64/lib/glib-2.0/include -IC:/msys64/mingw64/include'
pkg_cv_GLIB_LIBS='-LC:/msys64/mingw64/lib -lintl -lglib-2.0'
pkg_cv_GOBJECT_CFLAGS='-mms-bitfields -IC:/msys64/mingw64/include -IC:/msys64/mingw64/lib/libffi-3.2.1/include -IC:/msys64/mingw64/include/glib-2.0 -IC:/msys64/mingw64/lib/glib-2.0/include -IC:/msys64/mingw64/include'
pkg_cv_GOBJECT_LIBS='-LC:/msys64/mingw64/lib -lgobject-2.0 -lintl -lglib-2.0'
pkg_cv_GSERIAL_CFLAGS='-mms-bitfields -IC:/msys64/mingw64/include/gserial-1.0 -IC:/msys64/mingw64/include -IC:/msys64/mingw64/lib/libffi-3.2.1/include -IC:/msys64/mingw64/include/glib-2.0 -IC:/msys64/mingw64/lib/glib-2.0/include -IC:/msys64/mingw64/include'
pkg_cv_GSERIAL_LIBS='-LC:/msys64/mingw64/lib -lgserial-1.0 -lgobject-2.0 -lintl -lglib-2.0'

## ----------------- ##
## Output variables. ##
## ----------------- ##

ACLOCAL='${SHELL} /home/Flamingo/picolan_vala/missing aclocal-1.16'
AMDEPBACKSLASH='\'
AMDEP_FALSE='#'
AMDEP_TRUE=''
AMTAR='$${TAR-tar}'
AM_BACKSLASH='\'
AM_DEFAULT_V='$(AM_DEFAULT_VERBOSITY)'
AM_DEFAULT_VERBOSITY='0'
AM_V='$(V)'
AR='ar'
AS='as'
AUTOCONF='${SHELL} /home/Flamingo/picolan_vala/missing autoconf'
AUTOHEADER='${SHELL} /home/Flamingo/picolan_vala/missing autoheader'
AUTOMAKE='${SHELL} /home/Flamingo/picolan_vala/missing automake-1.16'
AWK='gawk'
CC='gcc'
CCDEPMODE='depmode=gcc3'
CFLAGS='-g -O2'
CPP='gcc -E'
CPPFLAGS=''
CYGPATH_W='cygpath -w'
DEFS='-DHAVE_CONFIG_H'
DEPDIR='.deps'
DLLTOOL='dlltool'
DSYMUTIL=''
DUMPBIN=''
ECHO_C=''
ECHO_N='-n'
ECHO_T=''
EGREP='/usr/bin/grep -E'
ENABLE_VAPIGEN_FALSE='#'
ENABLE_VAPIGEN_TRUE=''
EXEEXT='.exe'
FGREP='/usr/bin/grep -F'
GLIB_CFLAGS='-mms-bitfields -IC:/msys64/mingw64/include/glib-2.0 -IC:/msys64/mingw64/lib/glib-2.0/include -IC:/msys64/mingw64/include'
GLIB_LIBS='-LC:/msys64/mingw64/lib -lintl -lglib-2.0'
GOBJECT_CFLAGS='-mms-bitfields -IC:/msys64/mingw64/include -IC:/msys64/mingw64/lib/libffi-3.2.1/include -IC:/msys64/mingw64/include/glib-2.0 -IC:/msys64/mingw64/lib/glib-2.0/include -IC:/msys64/mingw64/include'
GOBJECT_LIBS='-LC:/msys64/mingw64/lib -lgobject-2.0 -lintl -lglib-2.0'
GREP='/usr/bin/grep'
GSERIAL_CFLAGS='-mms-bitfields -IC:/msys64/mingw64/include/gserial-1.0 -IC:/msys64/mingw64/include -IC:/msys64/mingw64/lib/libffi-3.2.1/include -IC:/msys64/mingw64/include/glib-2.0 -IC:/msys64/mingw64/lib/glib-2.0/include -IC:/msys64/mingw64/include'
GSERIAL_LIBS='-LC:/msys64/mingw64/lib -lgserial-1.0 -lgobject-2.0 -lintl -lglib-2.0'
HAVE_INTROSPECTION_FALSE='#'
HAVE_INTROSPECTION_TRUE=''
INSTALL_DATA='${INSTALL} -m 644'
INSTALL_PROGRAM='${INSTALL}'
INSTALL_SCRIPT='${INSTALL}'
INSTALL_STRIP_PROGRAM='$(install_sh) -c -s'
INTROSPECTION_CFLAGS='-pthread -mms-bitfields -IC:/msys64/mingw64/include/gobject-introspection-1.0 -IC:/msys64/mingw64/include -IC:/msys64/mingw64/lib/libffi-3.2.1/include -IC:/msys64/mingw64/include/glib-2.0 -IC:/msys64/mingw64/lib/glib-2.0/include -IC:/msys64/mingw64/include'
INTROSPECTION_COMPILER='C:/msys64/mingw64/bin/g-ir-compiler.exe'
INTROSPECTION_GENERATE='C:/msys64/mingw64/bin/g-ir-generate.exe'
INTROSPECTION_GIRDIR='C:/msys64/mingw64/share/gir-1.0'
INTROSPECTION_LIBS='-LC:/msys64/mingw64/lib -lgirepository-1.0 -lgobject-2.0 -lintl -lglib-2.0'
INTROSPECTION_MAKEFILE='C:/msys64/mingw64/share/gobject-introspection-1.0/Makefile.introspection'
INTROSPECTION_SCANNER='C:/msys64/mingw64/bin/g-ir-scanner'
INTROSPECTION_TYPELIBDIR='C:/msys64/mingw64/lib/girepository-1.0'
LD='C:/msys64/mingw64/x86_64-w64-mingw32/bin/ld.exe'
LDFLAGS=''
LIBOBJS=''
LIBS=''
LIBTOOL='$(SHELL) $(top_builddir)/libtool'
LIPO=''
LN_S='cp -pR'
LTLIBOBJS=''
LT_SYS_LIBRARY_PATH=''
LT_VERSION_INFO='1:0:0'
MAKEINFO='${SHELL} /home/Flamingo/picolan_vala/missing makeinfo'
MANIFEST_TOOL=':'
MKDIR_P='/usr/bin/mkdir -p'
NM='/mingw64/bin/nm -B'
NMEDIT=''
OBJDUMP='objdump'
OBJEXT='o'
OS_WIN32_FALSE='#'
OS_WIN32_TRUE=''
OTOOL64=''
OTOOL=''
PACKAGE='gpicolan'
PACKAGE_BUGREPORT=''
PACKAGE_NAME='gpicolan'
PACKAGE_STRING='gpicolan 1.0'
PACKAGE_TARNAME='gpicolan'
PACKAGE_URL=''
PACKAGE_VERSION='1.0'
PATH_SEPARATOR=':'
PKG_CONFIG='/mingw64/bin/pkg-config'
PKG_CONFIG_LIBDIR=''
PKG_CONFIG_PATH='/mingw64/lib/pkgconfig:/mingw64/share/pkgconfig'
RANLIB='ranlib'
SED='/usr/bin/sed'
SET_MAKE=''
SHELL='/bin/sh'
STRIP='strip'
VALAC='/mingw64/bin/valac'
VAPIGEN='C:/msys64/mingw64/bin/vapigen-0.44'
VAPIGEN_MAKEFILE='C:/msys64/mingw64/share/vala/Makefile.vapigen'
VAPIGEN_VAPIDIR='C:/msys64/mingw64/share/vala/vapi'
VERSION='1.0'
WARN_CFLAGS=' -Wall -Wstrict-prototypes -Wnested-externs -Werror=missing-prototypes -Werror=implicit-function-declaration -Werror=pointer-arith -Werror=init-self -Werror=format=2 -Werror=missing-include-dirs -Werror=return-type '
ac_ct_AR='ar'
ac_ct_CC='gcc'
ac_ct_DUMPBIN=''
am__EXEEXT_FALSE='#'
am__EXEEXT_TRUE=''
am__fastdepCC_FALSE='#'
am__fastdepCC_TRUE=''
am__include='include'
am__isrc=''
am__leading_dot='.'
am__nodep='_no'
am__quote=''
am__tar='$${TAR-tar} chof - "$$tardir"'
am__untar='$${TAR-tar} xf -'
bindir='${exec_prefix}/bin'
build='x86_64-w64-mingw32'
build_alias='x86_64-w64-mingw32'
build_cpu='x86_64'
build_os='mingw32'
build_vendor='w64'
datadir='${datarootdir}'
datarootdir='${prefix}/share'
docdir='${datarootdir}/doc/${PACKAGE_TARNAME}'
dvidir='${docdir}'
exec_prefix='${prefix}'
host='x86_64-w64-mingw32'
host_alias=''
host_cpu='x86_64'
host_os='mingw32'
host_vendor='w64'
htmldir='${docdir}'
includedir='${prefix}/include'
infodir='${datarootdir}/info'
install_sh='${SHELL} /home/Flamingo/picolan_vala/install-sh'
libdir='${exec_prefix}/lib'
libexecdir='${exec_prefix}/libexec'
localedir='${datarootdir}/locale'
localstatedir='${prefix}/var'
mandir='${datarootdir}/man'
mkdir_p='$(MKDIR_P)'
oldincludedir='/usr/include'
pdfdir='${docdir}'
prefix='/mingw64'
program_transform_name='s,x,x,'
psdir='${docdir}'
sbindir='${exec_prefix}/sbin'
sharedstatedir='${prefix}/com'
sysconfdir='${prefix}/etc'
target_alias=''

## ----------- ##
## confdefs.h. ##
## ----------- ##

/* confdefs.h */
#define PACKAGE_NAME "gpicolan"
#define PACKAGE_TARNAME "gpicolan"
#define PACKAGE_VERSION "1.0"
#define PACKAGE_STRING "gpicolan 1.0"
#define PACKAGE_BUGREPORT ""
#define PACKAGE_URL ""
#define PACKAGE "gpicolan"
#define VERSION "1.0"
#define STDC_HEADERS 1
#define HAVE_SYS_TYPES_H 1
#define HAVE_SYS_STAT_H 1
#define HAVE_STDLIB_H 1
#define HAVE_STRING_H 1
#define HAVE_MEMORY_H 1
#define HAVE_STRINGS_H 1
#define HAVE_INTTYPES_H 1
#define HAVE_STDINT_H 1
#define HAVE_UNISTD_H 1
#define LT_OBJDIR ".libs/"

configure: exit 0

## ---------------------- ##
## Running config.status. ##
## ---------------------- ##

This file was extended by gpicolan config.status 1.0, which was
generated by GNU Autoconf 2.69.  Invocation command line was

  CONFIG_FILES    = 
  CONFIG_HEADERS  = 
  CONFIG_LINKS    = 
  CONFIG_COMMANDS = 
  $ ./config.status 

on FlamTestStation

config.status:1132: creating gpicolan-1.0.pc
config.status:1132: creating Makefile
config.status:1132: creating src/Makefile
config.status:1132: creating config.h
config.status:1313: config.h is unchanged
config.status:1361: executing depfiles commands
config.status:1438: cd src       && sed -e '/# am--include-marker/d' Makefile         | make -f - am--depfiles
make[1]: Entering directory '/home/Flamingo/picolan_vala/src'
make[1]: Nothing to be done for 'am--depfiles'.
make[1]: Leaving directory '/home/Flamingo/picolan_vala/src'
config.status:1443: $? = 0
config.status:1361: executing libtool commands

## ---------------------- ##
## Running config.status. ##
## ---------------------- ##

This file was extended by gpicolan config.status 1.0, which was
generated by GNU Autoconf 2.69.  Invocation command line was

  CONFIG_FILES    = 
  CONFIG_HEADERS  = 
  CONFIG_LINKS    = 
  CONFIG_COMMANDS = 
  $ ./config.status config.h

on FlamTestStation

config.status:1132: creating config.h
config.status:1313: config.h is unchanged
